# JRE version: OpenJDK Runtime Environment Temurin-21.0.7+6 (21.0.7+6) (build 21.0.7+6-LTS)
# Java VM: OpenJDK 64-Bit Server VM Temurin-21.0.7+6 (21.0.7+6-LTS, mixed mode, sharing, tiered, compressed oops, compressed class ptrs, parallel gc, windows-amd64)
GC Precious Log:
 CardTable entry size: 512
 CPUs: 16 total, 16 available
 Memory: 15791M
 Large Page Support: Disabled
 NUMA Support: Disabled
 Compressed Oops: Enabled (32-bit)
 Alignments: Space 512K, Generation 512K, Heap 2M
 Heap Min Capacity: 100M
 Heap Initial Capacity: 100M
 Heap Max Capacity: 1G
 Pre-touch: Disabled
 Parallel Workers: 13
Heap:
 PSYoungGen      total 15872K, used 7822K [0x00000000eab00000, 0x00000000ebd80000, 0x0000000100000000)
  eden space 13824K, 44% used [0x00000000eab00000,0x00000000eb10e618,0x00000000eb880000)
  from space 2048K, 79% used [0x00000000ebb80000,0x00000000ebd15498,0x00000000ebd80000)
  to   space 2048K, 0% used [0x00000000eb880000,0x00000000eb880000,0x00000000eba80000)
 ParOldGen       total 68608K, used 54298K [0x00000000c0000000, 0x00000000c4300000, 0x00000000eab00000)
  object space 68608K, 79% used [0x00000000c0000000,0x00000000c3506968,0x00000000c4300000)
 Metaspace       used 58031K, committed 59328K, reserved 1114112K
  class space    used 6109K, committed 6656K, reserved 1048576K
GC Heap History (20 events):
Event: 9.366 GC heap before
{Heap before GC invocations=30 (full 2):
 PSYoungGen      total 22016K, used 21550K [0x00000000eab00000, 0x00000000ec400000, 0x0000000100000000)
  eden space 19456K, 99% used [0x00000000eab00000,0x00000000ebdda4a0,0x00000000ebe00000)
  from space 2560K, 87% used [0x00000000ebe00000,0x00000000ec031378,0x00000000ec080000)
  to   space 3072K, 0% used [0x00000000ec100000,0x00000000ec100000,0x00000000ec400000)
 ParOldGen       total 68608K, used 35777K [0x00000000c0000000, 0x00000000c4300000, 0x00000000eab00000)
  object space 68608K, 52% used [0x00000000c0000000,0x00000000c22f0460,0x00000000c4300000)
 Metaspace       used 56268K, committed 57600K, reserved 1114112K
  class space    used 5952K, committed 6528K, reserved 1048576K
}
Event: 9.369 GC heap after
{Heap after GC invocations=30 (full 2):
 PSYoungGen      total 22016K, used 2976K [0x00000000eab00000, 0x00000000ec500000, 0x0000000100000000)
  eden space 18944K, 0% used [0x00000000eab00000,0x00000000eab00000,0x00000000ebd80000)
  from space 3072K, 96% used [0x00000000ec100000,0x00000000ec3e80e8,0x00000000ec400000)
  to   space 3584K, 0% used [0x00000000ebd80000,0x00000000ebd80000,0x00000000ec100000)
 ParOldGen       total 68608K, used 37813K [0x00000000c0000000, 0x00000000c4300000, 0x00000000eab00000)
  object space 68608K, 55% used [0x00000000c0000000,0x00000000c24ed7d8,0x00000000c4300000)
 Metaspace       used 56268K, committed 57600K, reserved 1114112K
  class space    used 5952K, committed 6528K, reserved 1048576K
}
Event: 9.424 GC heap before
{Heap before GC invocations=31 (full 2):
 PSYoungGen      total 22016K, used 21920K [0x00000000eab00000, 0x00000000ec500000, 0x0000000100000000)
  eden space 18944K, 100% used [0x00000000eab00000,0x00000000ebd80000,0x00000000ebd80000)
  from space 3072K, 96% used [0x00000000ec100000,0x00000000ec3e80e8,0x00000000ec400000)
  to   space 3584K, 0% used [0x00000000ebd80000,0x00000000ebd80000,0x00000000ec100000)
 ParOldGen       total 68608K, used 37813K [0x00000000c0000000, 0x00000000c4300000, 0x00000000eab00000)
  object space 68608K, 55% used [0x00000000c0000000,0x00000000c24ed7d8,0x00000000c4300000)
 Metaspace       used 56285K, committed 57600K, reserved 1114112K
  class space    used 5952K, committed 6528K, reserved 1048576K
}
Event: 9.427 GC heap after
{Heap after GC invocations=31 (full 2):
 PSYoungGen      total 21504K, used 2237K [0x00000000eab00000, 0x00000000ec280000, 0x0000000100000000)
  eden space 18944K, 0% used [0x00000000eab00000,0x00000000eab00000,0x00000000ebd80000)
  from space 2560K, 87% used [0x00000000ebd80000,0x00000000ebfaf798,0x00000000ec000000)
  to   space 2560K, 0% used [0x00000000ec000000,0x00000000ec000000,0x00000000ec280000)
 ParOldGen       total 68608K, used 39548K [0x00000000c0000000, 0x00000000c4300000, 0x00000000eab00000)
  object space 68608K, 57% used [0x00000000c0000000,0x00000000c269f0c8,0x00000000c4300000)
 Metaspace       used 56285K, committed 57600K, reserved 1114112K
  class space    used 5952K, committed 6528K, reserved 1048576K
}
Event: 9.472 GC heap before
{Heap before GC invocations=32 (full 2):
 PSYoungGen      total 21504K, used 21122K [0x00000000eab00000, 0x00000000ec280000, 0x0000000100000000)
  eden space 18944K, 99% used [0x00000000eab00000,0x00000000ebd71358,0x00000000ebd80000)
  from space 2560K, 87% used [0x00000000ebd80000,0x00000000ebfaf798,0x00000000ec000000)
  to   space 2560K, 0% used [0x00000000ec000000,0x00000000ec000000,0x00000000ec280000)
 ParOldGen       total 68608K, used 39548K [0x00000000c0000000, 0x00000000c4300000, 0x00000000eab00000)
  object space 68608K, 57% used [0x00000000c0000000,0x00000000c269f0c8,0x00000000c4300000)
 Metaspace       used 56295K, committed 57600K, reserved 1114112K
  class space    used 5952K, committed 6528K, reserved 1048576K
}
Event: 9.476 GC heap after
{Heap after GC invocations=32 (full 2):
 PSYoungGen      total 20992K, used 1645K [0x00000000eab00000, 0x00000000ec200000, 0x0000000100000000)
  eden space 18944K, 0% used [0x00000000eab00000,0x00000000eab00000,0x00000000ebd80000)
  from space 2048K, 80% used [0x00000000ec000000,0x00000000ec19b558,0x00000000ec200000)
  to   space 2048K, 0% used [0x00000000ebe00000,0x00000000ebe00000,0x00000000ec000000)
 ParOldGen       total 68608K, used 40644K [0x00000000c0000000, 0x00000000c4300000, 0x00000000eab00000)
  object space 68608K, 59% used [0x00000000c0000000,0x00000000c27b10c8,0x00000000c4300000)
 Metaspace       used 56295K, committed 57600K, reserved 1114112K
  class space    used 5952K, committed 6528K, reserved 1048576K
}
Event: 9.546 GC heap before
{Heap before GC invocations=33 (full 2):
 PSYoungGen      total 20992K, used 20589K [0x00000000eab00000, 0x00000000ec200000, 0x0000000100000000)
  eden space 18944K, 100% used [0x00000000eab00000,0x00000000ebd80000,0x00000000ebd80000)
  from space 2048K, 80% used [0x00000000ec000000,0x00000000ec19b558,0x00000000ec200000)
  to   space 2048K, 0% used [0x00000000ebe00000,0x00000000ebe00000,0x00000000ec000000)
 ParOldGen       total 68608K, used 40644K [0x00000000c0000000, 0x00000000c4300000, 0x00000000eab00000)
  object space 68608K, 59% used [0x00000000c0000000,0x00000000c27b10c8,0x00000000c4300000)
 Metaspace       used 56615K, committed 57920K, reserved 1114112K
  class space    used 5974K, committed 6528K, reserved 1048576K
}
Event: 9.549 GC heap after
{Heap after GC invocations=33 (full 2):
 PSYoungGen      total 20480K, used 1536K [0x00000000eab00000, 0x00000000ec180000, 0x0000000100000000)
  eden space 18944K, 0% used [0x00000000eab00000,0x00000000eab00000,0x00000000ebd80000)
  from space 1536K, 100% used [0x00000000ebe00000,0x00000000ebf80000,0x00000000ebf80000)
  to   space 2048K, 0% used [0x00000000ebf80000,0x00000000ebf80000,0x00000000ec180000)
 ParOldGen       total 68608K, used 41828K [0x00000000c0000000, 0x00000000c4300000, 0x00000000eab00000)
  object space 68608K, 60% used [0x00000000c0000000,0x00000000c28d90d0,0x00000000c4300000)
 Metaspace       used 56615K, committed 57920K, reserved 1114112K
  class space    used 5974K, committed 6528K, reserved 1048576K
}
Event: 9.664 GC heap before
{Heap before GC invocations=34 (full 2):
 PSYoungGen      total 20480K, used 20480K [0x00000000eab00000, 0x00000000ec180000, 0x0000000100000000)
  eden space 18944K, 100% used [0x00000000eab00000,0x00000000ebd80000,0x00000000ebd80000)
  from space 1536K, 100% used [0x00000000ebe00000,0x00000000ebf80000,0x00000000ebf80000)
  to   space 2048K, 0% used [0x00000000ebf80000,0x00000000ebf80000,0x00000000ec180000)
 ParOldGen       total 68608K, used 41828K [0x00000000c0000000, 0x00000000c4300000, 0x00000000eab00000)
  object space 68608K, 60% used [0x00000000c0000000,0x00000000c28d90d0,0x00000000c4300000)
 Metaspace       used 57112K, committed 58432K, reserved 1114112K
  class space    used 6026K, committed 6592K, reserved 1048576K
}
Event: 9.670 GC heap after
{Heap after GC invocations=34 (full 2):
 PSYoungGen      total 18944K, used 2048K [0x00000000eab00000, 0x00000000ec580000, 0x0000000100000000)
  eden space 16896K, 0% used [0x00000000eab00000,0x00000000eab00000,0x00000000ebb80000)
  from space 2048K, 100% used [0x00000000ebf80000,0x00000000ec180000,0x00000000ec180000)
  to   space 4096K, 0% used [0x00000000ebb80000,0x00000000ebb80000,0x00000000ebf80000)
 ParOldGen       total 68608K, used 43132K [0x00000000c0000000, 0x00000000c4300000, 0x00000000eab00000)
  object space 68608K, 62% used [0x00000000c0000000,0x00000000c2a1f0d0,0x00000000c4300000)
 Metaspace       used 57112K, committed 58432K, reserved 1114112K
  class space    used 6026K, committed 6592K, reserved 1048576K
}
Event: 9.841 GC heap before
{Heap before GC invocations=35 (full 2):
 PSYoungGen      total 18944K, used 18943K [0x00000000eab00000, 0x00000000ec580000, 0x0000000100000000)
  eden space 16896K, 99% used [0x00000000eab00000,0x00000000ebb7ffb0,0x00000000ebb80000)
  from space 2048K, 100% used [0x00000000ebf80000,0x00000000ec180000,0x00000000ec180000)
  to   space 4096K, 0% used [0x00000000ebb80000,0x00000000ebb80000,0x00000000ebf80000)
 ParOldGen       total 68608K, used 43132K [0x00000000c0000000, 0x00000000c4300000, 0x00000000eab00000)
  object space 68608K, 62% used [0x00000000c0000000,0x00000000c2a1f0d0,0x00000000c4300000)
 Metaspace       used 57404K, committed 58688K, reserved 1114112K
  class space    used 6053K, committed 6592K, reserved 1048576K
}
Event: 9.847 GC heap after
{Heap after GC invocations=35 (full 2):
 PSYoungGen      total 19456K, used 2070K [0x00000000eab00000, 0x00000000ec080000, 0x0000000100000000)
  eden space 16896K, 0% used [0x00000000eab00000,0x00000000eab00000,0x00000000ebb80000)
  from space 2560K, 80% used [0x00000000ebb80000,0x00000000ebd85810,0x00000000ebe00000)
  to   space 2560K, 0% used [0x00000000ebe00000,0x00000000ebe00000,0x00000000ec080000)
 ParOldGen       total 68608K, used 44924K [0x00000000c0000000, 0x00000000c4300000, 0x00000000eab00000)
  object space 68608K, 65% used [0x00000000c0000000,0x00000000c2bdf0d0,0x00000000c4300000)
 Metaspace       used 57404K, committed 58688K, reserved 1114112K
  class space    used 6053K, committed 6592K, reserved 1048576K
}
Event: 9.937 GC heap before
{Heap before GC invocations=36 (full 2):
 PSYoungGen      total 19456K, used 18966K [0x00000000eab00000, 0x00000000ec080000, 0x0000000100000000)
  eden space 16896K, 100% used [0x00000000eab00000,0x00000000ebb80000,0x00000000ebb80000)
  from space 2560K, 80% used [0x00000000ebb80000,0x00000000ebd85810,0x00000000ebe00000)
  to   space 2560K, 0% used [0x00000000ebe00000,0x00000000ebe00000,0x00000000ec080000)
 ParOldGen       total 68608K, used 44924K [0x00000000c0000000, 0x00000000c4300000, 0x00000000eab00000)
  object space 68608K, 65% used [0x00000000c0000000,0x00000000c2bdf0d0,0x00000000c4300000)
 Metaspace       used 57429K, committed 58688K, reserved 1114112K
  class space    used 6058K, committed 6592K, reserved 1048576K
}
Event: 9.943 GC heap after
{Heap after GC invocations=36 (full 2):
 PSYoungGen      total 19456K, used 2080K [0x00000000eab00000, 0x00000000ec080000, 0x0000000100000000)
  eden space 16896K, 0% used [0x00000000eab00000,0x00000000eab00000,0x00000000ebb80000)
  from space 2560K, 81% used [0x00000000ebe00000,0x00000000ec008000,0x00000000ec080000)
  to   space 2560K, 0% used [0x00000000ebb80000,0x00000000ebb80000,0x00000000ebe00000)
 ParOldGen       total 68608K, used 46722K [0x00000000c0000000, 0x00000000c4300000, 0x00000000eab00000)
  object space 68608K, 68% used [0x00000000c0000000,0x00000000c2da08e0,0x00000000c4300000)
 Metaspace       used 57429K, committed 58688K, reserved 1114112K
  class space    used 6058K, committed 6592K, reserved 1048576K
}
Event: 10.061 GC heap before
{Heap before GC invocations=37 (full 2):
 PSYoungGen      total 19456K, used 18976K [0x00000000eab00000, 0x00000000ec080000, 0x0000000100000000)
  eden space 16896K, 100% used [0x00000000eab00000,0x00000000ebb80000,0x00000000ebb80000)
  from space 2560K, 81% used [0x00000000ebe00000,0x00000000ec008000,0x00000000ec080000)
  to   space 2560K, 0% used [0x00000000ebb80000,0x00000000ebb80000,0x00000000ebe00000)
 ParOldGen       total 68608K, used 46722K [0x00000000c0000000, 0x00000000c4300000, 0x00000000eab00000)
  object space 68608K, 68% used [0x00000000c0000000,0x00000000c2da08e0,0x00000000c4300000)
 Metaspace       used 57802K, committed 59072K, reserved 1114112K
  class space    used 6061K, committed 6592K, reserved 1048576K
}
Event: 10.064 GC heap after
{Heap after GC invocations=37 (full 2):
 PSYoungGen      total 18944K, used 1856K [0x00000000eab00000, 0x00000000ebf80000, 0x0000000100000000)
  eden space 16896K, 0% used [0x00000000eab00000,0x00000000eab00000,0x00000000ebb80000)
  from space 2048K, 90% used [0x00000000ebb80000,0x00000000ebd50000,0x00000000ebd80000)
  to   space 2048K, 0% used [0x00000000ebd80000,0x00000000ebd80000,0x00000000ebf80000)
 ParOldGen       total 68608K, used 48586K [0x00000000c0000000, 0x00000000c4300000, 0x00000000eab00000)
  object space 68608K, 70% used [0x00000000c0000000,0x00000000c2f728e0,0x00000000c4300000)
 Metaspace       used 57802K, committed 59072K, reserved 1114112K
  class space    used 6061K, committed 6592K, reserved 1048576K
}
Event: 10.230 GC heap before
{Heap before GC invocations=38 (full 2):
 PSYoungGen      total 18944K, used 18752K [0x00000000eab00000, 0x00000000ebf80000, 0x0000000100000000)
  eden space 16896K, 100% used [0x00000000eab00000,0x00000000ebb80000,0x00000000ebb80000)
  from space 2048K, 90% used [0x00000000ebb80000,0x00000000ebd50000,0x00000000ebd80000)
  to   space 2048K, 0% used [0x00000000ebd80000,0x00000000ebd80000,0x00000000ebf80000)
 ParOldGen       total 68608K, used 48586K [0x00000000c0000000, 0x00000000c4300000, 0x00000000eab00000)
  object space 68608K, 70% used [0x00000000c0000000,0x00000000c2f728e0,0x00000000c4300000)
 Metaspace       used 57912K, committed 59200K, reserved 1114112K
  class space    used 6070K, committed 6656K, reserved 1048576K
}
Event: 10.234 GC heap after
{Heap after GC invocations=38 (full 2):
 PSYoungGen      total 15872K, used 2017K [0x00000000eab00000, 0x00000000ec580000, 0x0000000100000000)
  eden space 13824K, 0% used [0x00000000eab00000,0x00000000eab00000,0x00000000eb880000)
  from space 2048K, 98% used [0x00000000ebd80000,0x00000000ebf78748,0x00000000ebf80000)
  to   space 5120K, 0% used [0x00000000eb880000,0x00000000eb880000,0x00000000ebd80000)
 ParOldGen       total 68608K, used 50978K [0x00000000c0000000, 0x00000000c4300000, 0x00000000eab00000)
  object space 68608K, 74% used [0x00000000c0000000,0x00000000c31c8960,0x00000000c4300000)
 Metaspace       used 57912K, committed 59200K, reserved 1114112K
  class space    used 6070K, committed 6656K, reserved 1048576K
}
Event: 10.298 GC heap before
{Heap before GC invocations=39 (full 2):
 PSYoungGen      total 15872K, used 15841K [0x00000000eab00000, 0x00000000ec580000, 0x0000000100000000)
  eden space 13824K, 100% used [0x00000000eab00000,0x00000000eb880000,0x00000000eb880000)
  from space 2048K, 98% used [0x00000000ebd80000,0x00000000ebf78748,0x00000000ebf80000)
  to   space 5120K, 0% used [0x00000000eb880000,0x00000000eb880000,0x00000000ebd80000)
 ParOldGen       total 68608K, used 50978K [0x00000000c0000000, 0x00000000c4300000, 0x00000000eab00000)
  object space 68608K, 74% used [0x00000000c0000000,0x00000000c31c8960,0x00000000c4300000)
 Metaspace       used 57947K, committed 59264K, reserved 1114112K
  class space    used 6083K, committed 6656K, reserved 1048576K
}
Event: 10.302 GC heap after
{Heap after GC invocations=39 (full 2):
 PSYoungGen      total 15872K, used 1600K [0x00000000eab00000, 0x00000000ebe80000, 0x0000000100000000)
  eden space 13824K, 0% used [0x00000000eab00000,0x00000000eab00000,0x00000000eb880000)
  from space 2048K, 78% used [0x00000000eb880000,0x00000000eba10000,0x00000000eba80000)
  to   space 3072K, 0% used [0x00000000ebb80000,0x00000000ebb80000,0x00000000ebe80000)
 ParOldGen       total 68608K, used 52914K [0x00000000c0000000, 0x00000000c4300000, 0x00000000eab00000)
  object space 68608K, 77% used [0x00000000c0000000,0x00000000c33ac968,0x00000000c4300000)
 Metaspace       used 57947K, committed 59264K, reserved 1114112K
  class space    used 6083K, committed 6656K, reserved 1048576K
}

